<testsuites id="" name="" tests="5" failures="5" skipped="0" errors="0" time="19.690577">
<testsuite name="chat-smoke.spec.js" timestamp="2025-10-18T11:43:31.431Z" hostname="chromium" tests="5" failures="5" skipped="0" time="56.714" errors="0">
<testcase name="Formul8 Chat - Smoke Tests › Basic chat functionality works" classname="chat-smoke.spec.js" time="11.372">
<failure message="chat-smoke.spec.js:16:3 Basic chat functionality works" type="FAILURE">
<![CDATA[  [chromium] › chat-smoke.spec.js:16:3 › Formul8 Chat - Smoke Tests › Basic chat functionality works 

    TimeoutError: page.waitForSelector: Timeout 10000ms exceeded.
    Call log:
      - waiting for locator('textarea[placeholder*="message"], input[placeholder*="message"]') to be visible


       7 |     page = await browser.newPage();
       8 |     await page.goto('https://f8.syzygyx.com/chat');
    >  9 |     await page.waitForSelector('textarea[placeholder*="message"], input[placeholder*="message"]', { timeout: 10000 });
         |                ^
      10 |   });
      11 |
      12 |   test.afterEach(async () => {
        at /Users/danielmcshan/GitHub/formul8-multiagent/tests/chat-smoke.spec.js:9:16

    attachment #1: screenshot (image/png) ──────────────────────────────────────────────────────────
    ../test-results/chat-smoke-Formul8-Chat----c30da-ic-chat-functionality-works-chromium/test-failed-1.png
    ────────────────────────────────────────────────────────────────────────────────────────────────

    Error Context: ../test-results/chat-smoke-Formul8-Chat----c30da-ic-chat-functionality-works-chromium/error-context.md
]]>
</failure>
<system-out>
<![CDATA[
[[ATTACHMENT|test-results/chat-smoke-Formul8-Chat----c30da-ic-chat-functionality-works-chromium/test-failed-1.png]]

[[ATTACHMENT|test-results/chat-smoke-Formul8-Chat----c30da-ic-chat-functionality-works-chromium/error-context.md]]
]]>
</system-out>
</testcase>
<testcase name="Formul8 Chat - Smoke Tests › Agent routing works for different question types" classname="chat-smoke.spec.js" time="11.354">
<failure message="chat-smoke.spec.js:39:3 Agent routing works for different question types" type="FAILURE">
<![CDATA[  [chromium] › chat-smoke.spec.js:39:3 › Formul8 Chat - Smoke Tests › Agent routing works for different question types 

    TimeoutError: page.waitForSelector: Timeout 10000ms exceeded.
    Call log:
      - waiting for locator('textarea[placeholder*="message"], input[placeholder*="message"]') to be visible


       7 |     page = await browser.newPage();
       8 |     await page.goto('https://f8.syzygyx.com/chat');
    >  9 |     await page.waitForSelector('textarea[placeholder*="message"], input[placeholder*="message"]', { timeout: 10000 });
         |                ^
      10 |   });
      11 |
      12 |   test.afterEach(async () => {
        at /Users/danielmcshan/GitHub/formul8-multiagent/tests/chat-smoke.spec.js:9:16

    attachment #1: screenshot (image/png) ──────────────────────────────────────────────────────────
    ../test-results/chat-smoke-Formul8-Chat----11fff-or-different-question-types-chromium/test-failed-1.png
    ────────────────────────────────────────────────────────────────────────────────────────────────

    Error Context: ../test-results/chat-smoke-Formul8-Chat----11fff-or-different-question-types-chromium/error-context.md
]]>
</failure>
<system-out>
<![CDATA[
[[ATTACHMENT|test-results/chat-smoke-Formul8-Chat----11fff-or-different-question-types-chromium/test-failed-1.png]]

[[ATTACHMENT|test-results/chat-smoke-Formul8-Chat----11fff-or-different-question-types-chromium/error-context.md]]
]]>
</system-out>
</testcase>
<testcase name="Formul8 Chat - Smoke Tests › Health endpoint is accessible" classname="chat-smoke.spec.js" time="11.3">
<failure message="chat-smoke.spec.js:61:3 Health endpoint is accessible" type="FAILURE">
<![CDATA[  [chromium] › chat-smoke.spec.js:61:3 › Formul8 Chat - Smoke Tests › Health endpoint is accessible 

    TimeoutError: page.waitForSelector: Timeout 10000ms exceeded.
    Call log:
      - waiting for locator('textarea[placeholder*="message"], input[placeholder*="message"]') to be visible


       7 |     page = await browser.newPage();
       8 |     await page.goto('https://f8.syzygyx.com/chat');
    >  9 |     await page.waitForSelector('textarea[placeholder*="message"], input[placeholder*="message"]', { timeout: 10000 });
         |                ^
      10 |   });
      11 |
      12 |   test.afterEach(async () => {
        at /Users/danielmcshan/GitHub/formul8-multiagent/tests/chat-smoke.spec.js:9:16

    attachment #1: screenshot (image/png) ──────────────────────────────────────────────────────────
    ../test-results/chat-smoke-Formul8-Chat----a3e67-alth-endpoint-is-accessible-chromium/test-failed-1.png
    ────────────────────────────────────────────────────────────────────────────────────────────────

    Error Context: ../test-results/chat-smoke-Formul8-Chat----a3e67-alth-endpoint-is-accessible-chromium/error-context.md
]]>
</failure>
<system-out>
<![CDATA[
[[ATTACHMENT|test-results/chat-smoke-Formul8-Chat----a3e67-alth-endpoint-is-accessible-chromium/test-failed-1.png]]

[[ATTACHMENT|test-results/chat-smoke-Formul8-Chat----a3e67-alth-endpoint-is-accessible-chromium/error-context.md]]
]]>
</system-out>
</testcase>
<testcase name="Formul8 Chat - Smoke Tests › API endpoints are accessible" classname="chat-smoke.spec.js" time="11.39">
<failure message="chat-smoke.spec.js:71:3 API endpoints are accessible" type="FAILURE">
<![CDATA[  [chromium] › chat-smoke.spec.js:71:3 › Formul8 Chat - Smoke Tests › API endpoints are accessible ─

    TimeoutError: page.waitForSelector: Timeout 10000ms exceeded.
    Call log:
      - waiting for locator('textarea[placeholder*="message"], input[placeholder*="message"]') to be visible


       7 |     page = await browser.newPage();
       8 |     await page.goto('https://f8.syzygyx.com/chat');
    >  9 |     await page.waitForSelector('textarea[placeholder*="message"], input[placeholder*="message"]', { timeout: 10000 });
         |                ^
      10 |   });
      11 |
      12 |   test.afterEach(async () => {
        at /Users/danielmcshan/GitHub/formul8-multiagent/tests/chat-smoke.spec.js:9:16

    attachment #1: screenshot (image/png) ──────────────────────────────────────────────────────────
    ../test-results/chat-smoke-Formul8-Chat----912e5-PI-endpoints-are-accessible-chromium/test-failed-1.png
    ────────────────────────────────────────────────────────────────────────────────────────────────

    Error Context: ../test-results/chat-smoke-Formul8-Chat----912e5-PI-endpoints-are-accessible-chromium/error-context.md
]]>
</failure>
<system-out>
<![CDATA[
[[ATTACHMENT|test-results/chat-smoke-Formul8-Chat----912e5-PI-endpoints-are-accessible-chromium/test-failed-1.png]]

[[ATTACHMENT|test-results/chat-smoke-Formul8-Chat----912e5-PI-endpoints-are-accessible-chromium/error-context.md]]
]]>
</system-out>
</testcase>
<testcase name="Formul8 Chat - Smoke Tests › Chat interface is responsive" classname="chat-smoke.spec.js" time="11.298">
<failure message="chat-smoke.spec.js:82:3 Chat interface is responsive" type="FAILURE">
<![CDATA[  [chromium] › chat-smoke.spec.js:82:3 › Formul8 Chat - Smoke Tests › Chat interface is responsive ─

    TimeoutError: page.waitForSelector: Timeout 10000ms exceeded.
    Call log:
      - waiting for locator('textarea[placeholder*="message"], input[placeholder*="message"]') to be visible


       7 |     page = await browser.newPage();
       8 |     await page.goto('https://f8.syzygyx.com/chat');
    >  9 |     await page.waitForSelector('textarea[placeholder*="message"], input[placeholder*="message"]', { timeout: 10000 });
         |                ^
      10 |   });
      11 |
      12 |   test.afterEach(async () => {
        at /Users/danielmcshan/GitHub/formul8-multiagent/tests/chat-smoke.spec.js:9:16

    attachment #1: screenshot (image/png) ──────────────────────────────────────────────────────────
    ../test-results/chat-smoke-Formul8-Chat----0017a-hat-interface-is-responsive-chromium/test-failed-1.png
    ────────────────────────────────────────────────────────────────────────────────────────────────

    Error Context: ../test-results/chat-smoke-Formul8-Chat----0017a-hat-interface-is-responsive-chromium/error-context.md
]]>
</failure>
<system-out>
<![CDATA[
[[ATTACHMENT|test-results/chat-smoke-Formul8-Chat----0017a-hat-interface-is-responsive-chromium/test-failed-1.png]]

[[ATTACHMENT|test-results/chat-smoke-Formul8-Chat----0017a-hat-interface-is-responsive-chromium/error-context.md]]
]]>
</system-out>
</testcase>
</testsuite>
</testsuites>